{"/Users/sameera/Desktop/Projects/smashtaps/ecoe/lambda-ca-poc/lib/statefull/dynamodb/table.ts": {"path":"/Users/sameera/Desktop/Projects/smashtaps/ecoe/lambda-ca-poc/lib/statefull/dynamodb/table.ts","statementMap":{"0":{"start":{"line":1,"column":0},"end":{"line":1,"column":58}},"1":{"start":{"line":2,"column":0},"end":{"line":2,"column":39}},"2":{"start":{"line":12,"column":4},"end":{"line":12,"column":21}},"3":{"start":{"line":14,"column":4},"end":{"line":25,"column":7}},"4":{"start":{"line":8,"column":0},"end":{"line":8,"column":13}}},"fnMap":{"0":{"name":"(anonymous_0)","decl":{"start":{"line":11,"column":2},"end":{"line":11,"column":14}},"loc":{"start":{"line":11,"column":66},"end":{"line":26,"column":3}}}},"branchMap":{},"s":{"0":1,"1":1,"2":1,"3":1,"4":1},"f":{"0":1},"b":{}}
}
